[debug] [2026-07-13T00:34:33.446Z] ----------------------------------------------------------------------
[debug] [2026-07-13T00:34:33.451Z] Command:       /usr/local/bin/node /usr/local/bin/firebase deploy --only hosting,functions
[debug] [2026-07-13T00:34:33.451Z] CLI Version:   14.4.0
[debug] [2026-07-13T00:34:33.451Z] Platform:      darwin
[debug] [2026-07-13T00:34:33.452Z] Node Version:  v22.14.0
[debug] [2026-07-13T00:34:33.452Z] Time:          Sun Jul 12 2026 20:34:33 GMT-0400 (Eastern Daylight Time)
[debug] [2026-07-13T00:34:33.452Z] ----------------------------------------------------------------------
[debug] 
[debug] [2026-07-13T00:34:33.526Z] > command requires scopes: ["email","openid","https://www.googleapis.com/auth/cloudplatformprojects.readonly","https://www.googleapis.com/auth/firebase","https://www.googleapis.com/auth/cloud-platform"]
[debug] [2026-07-13T00:34:33.526Z] > authorizing via signed-in user (santanacrafted@gmail.com)
[debug] [2026-07-13T00:34:33.526Z] [iam] checking project scripture-quest-7e3d5 for permissions ["cloudfunctions.functions.create","cloudfunctions.functions.delete","cloudfunctions.functions.get","cloudfunctions.functions.list","cloudfunctions.functions.update","cloudfunctions.operations.get","firebase.projects.get"]
[debug] [2026-07-13T00:34:33.527Z] Checked if tokens are valid: true, expires at: 1783906316794
[debug] [2026-07-13T00:34:33.527Z] Checked if tokens are valid: true, expires at: 1783906316794
[debug] [2026-07-13T00:34:33.527Z] >>> [apiv2][query] POST https://cloudresourcemanager.googleapis.com/v1/projects/scripture-quest-7e3d5:testIamPermissions [none]
[debug] [2026-07-13T00:34:33.527Z] >>> [apiv2][(partial)header] POST https://cloudresourcemanager.googleapis.com/v1/projects/scripture-quest-7e3d5:testIamPermissions x-goog-quota-user=projects/scripture-quest-7e3d5
[debug] [2026-07-13T00:34:33.527Z] >>> [apiv2][body] POST https://cloudresourcemanager.googleapis.com/v1/projects/scripture-quest-7e3d5:testIamPermissions {"permissions":["cloudfunctions.functions.create","cloudfunctions.functions.delete","cloudfunctions.functions.get","cloudfunctions.functions.list","cloudfunctions.functions.update","cloudfunctions.operations.get","firebase.projects.get"]}
[debug] [2026-07-13T00:34:33.699Z] <<< [apiv2][status] POST https://cloudresourcemanager.googleapis.com/v1/projects/scripture-quest-7e3d5:testIamPermissions 200
[debug] [2026-07-13T00:34:33.700Z] <<< [apiv2][body] POST https://cloudresourcemanager.googleapis.com/v1/projects/scripture-quest-7e3d5:testIamPermissions {"permissions":["cloudfunctions.functions.create","cloudfunctions.functions.delete","cloudfunctions.functions.get","cloudfunctions.functions.list","cloudfunctions.functions.update","cloudfunctions.operations.get","firebase.projects.get"]}
[debug] [2026-07-13T00:34:33.700Z] Checked if tokens are valid: true, expires at: 1783906316794
[debug] [2026-07-13T00:34:33.700Z] Checked if tokens are valid: true, expires at: 1783906316794
[debug] [2026-07-13T00:34:33.700Z] >>> [apiv2][query] POST https://iam.googleapis.com/v1/projects/scripture-quest-7e3d5/serviceAccounts/scripture-quest-7e3d5@appspot.gserviceaccount.com:testIamPermissions [none]
[debug] [2026-07-13T00:34:33.700Z] >>> [apiv2][body] POST https://iam.googleapis.com/v1/projects/scripture-quest-7e3d5/serviceAccounts/scripture-quest-7e3d5@appspot.gserviceaccount.com:testIamPermissions {"permissions":["iam.serviceAccounts.actAs"]}
[debug] [2026-07-13T00:34:34.007Z] <<< [apiv2][status] POST https://iam.googleapis.com/v1/projects/scripture-quest-7e3d5/serviceAccounts/scripture-quest-7e3d5@appspot.gserviceaccount.com:testIamPermissions 200
[debug] [2026-07-13T00:34:34.007Z] <<< [apiv2][body] POST https://iam.googleapis.com/v1/projects/scripture-quest-7e3d5/serviceAccounts/scripture-quest-7e3d5@appspot.gserviceaccount.com:testIamPermissions {"permissions":["iam.serviceAccounts.actAs"]}
[info] 
[info] === Deploying to 'scripture-quest-7e3d5'...
[info] 
[info] i  deploying functions 
[debug] [2026-07-13T00:34:34.010Z] Checked if tokens are valid: true, expires at: 1783906316794
[debug] [2026-07-13T00:34:34.010Z] Checked if tokens are valid: true, expires at: 1783906316794
[debug] [2026-07-13T00:34:34.010Z] >>> [apiv2][query] GET https://serviceusage.googleapis.com/v1/projects/scripture-quest-7e3d5/services/cloudresourcemanager.googleapis.com [none]
[debug] [2026-07-13T00:34:34.010Z] >>> [apiv2][(partial)header] GET https://serviceusage.googleapis.com/v1/projects/scripture-quest-7e3d5/services/cloudresourcemanager.googleapis.com x-goog-quota-user=projects/scripture-quest-7e3d5
[debug] [2026-07-13T00:34:34.376Z] <<< [apiv2][status] GET https://serviceusage.googleapis.com/v1/projects/scripture-quest-7e3d5/services/cloudresourcemanager.googleapis.com 200
[debug] [2026-07-13T00:34:34.376Z] <<< [apiv2][body] GET https://serviceusage.googleapis.com/v1/projects/scripture-quest-7e3d5/services/cloudresourcemanager.googleapis.com [omitted]
[debug] [2026-07-13T00:34:34.377Z] Checked if tokens are valid: true, expires at: 1783906316794
[debug] [2026-07-13T00:34:34.377Z] Checked if tokens are valid: true, expires at: 1783906316794
[debug] [2026-07-13T00:34:34.377Z] >>> [apiv2][query] GET https://cloudresourcemanager.googleapis.com/v1/projects/scripture-quest-7e3d5 [none]
[debug] [2026-07-13T00:34:34.472Z] <<< [apiv2][status] GET https://cloudresourcemanager.googleapis.com/v1/projects/scripture-quest-7e3d5 200
[debug] [2026-07-13T00:34:34.473Z] <<< [apiv2][body] GET https://cloudresourcemanager.googleapis.com/v1/projects/scripture-quest-7e3d5 {"projectNumber":"25147385914","projectId":"scripture-quest-7e3d5","lifecycleState":"ACTIVE","name":"scripture-quest","labels":{"firebase":"enabled","firebase-core":"disabled"},"createTime":"2026-07-07T14:14:18.938Z"}
[info] i  functions: preparing codebase default for deployment 
[info] i  functions: ensuring required API cloudfunctions.googleapis.com is enabled... 
[debug] [2026-07-13T00:34:34.474Z] Checked if tokens are valid: true, expires at: 1783906316794
[debug] [2026-07-13T00:34:34.474Z] Checked if tokens are valid: true, expires at: 1783906316794
[debug] [2026-07-13T00:34:34.474Z] Checked if tokens are valid: true, expires at: 1783906316794
[debug] [2026-07-13T00:34:34.474Z] Checked if tokens are valid: true, expires at: 1783906316794
[info] i  functions: ensuring required API cloudbuild.googleapis.com is enabled... 
[debug] [2026-07-13T00:34:34.475Z] Checked if tokens are valid: true, expires at: 1783906316794
[debug] [2026-07-13T00:34:34.475Z] Checked if tokens are valid: true, expires at: 1783906316794
[info] i  artifactregistry: ensuring required API artifactregistry.googleapis.com is enabled... 
[debug] [2026-07-13T00:34:34.475Z] Checked if tokens are valid: true, expires at: 1783906316794
[debug] [2026-07-13T00:34:34.475Z] Checked if tokens are valid: true, expires at: 1783906316794
[debug] [2026-07-13T00:34:34.475Z] >>> [apiv2][query] GET https://serviceusage.googleapis.com/v1/projects/scripture-quest-7e3d5/services/cloudfunctions.googleapis.com [none]
[debug] [2026-07-13T00:34:34.475Z] >>> [apiv2][(partial)header] GET https://serviceusage.googleapis.com/v1/projects/scripture-quest-7e3d5/services/cloudfunctions.googleapis.com x-goog-quota-user=projects/scripture-quest-7e3d5
[debug] [2026-07-13T00:34:34.476Z] >>> [apiv2][query] GET https://serviceusage.googleapis.com/v1/projects/scripture-quest-7e3d5/services/runtimeconfig.googleapis.com [none]
[debug] [2026-07-13T00:34:34.476Z] >>> [apiv2][(partial)header] GET https://serviceusage.googleapis.com/v1/projects/scripture-quest-7e3d5/services/runtimeconfig.googleapis.com x-goog-quota-user=projects/scripture-quest-7e3d5
[debug] [2026-07-13T00:34:34.478Z] >>> [apiv2][query] GET https://serviceusage.googleapis.com/v1/projects/scripture-quest-7e3d5/services/cloudbuild.googleapis.com [none]
[debug] [2026-07-13T00:34:34.478Z] >>> [apiv2][(partial)header] GET https://serviceusage.googleapis.com/v1/projects/scripture-quest-7e3d5/services/cloudbuild.googleapis.com x-goog-quota-user=projects/scripture-quest-7e3d5
[debug] [2026-07-13T00:34:34.480Z] >>> [apiv2][query] GET https://serviceusage.googleapis.com/v1/projects/scripture-quest-7e3d5/services/artifactregistry.googleapis.com [none]
[debug] [2026-07-13T00:34:34.480Z] >>> [apiv2][(partial)header] GET https://serviceusage.googleapis.com/v1/projects/scripture-quest-7e3d5/services/artifactregistry.googleapis.com x-goog-quota-user=projects/scripture-quest-7e3d5
[debug] [2026-07-13T00:34:34.862Z] <<< [apiv2][status] GET https://serviceusage.googleapis.com/v1/projects/scripture-quest-7e3d5/services/cloudbuild.googleapis.com 200
[debug] [2026-07-13T00:34:34.862Z] <<< [apiv2][body] GET https://serviceusage.googleapis.com/v1/projects/scripture-quest-7e3d5/services/cloudbuild.googleapis.com [omitted]
[info] ✔  functions: required API cloudbuild.googleapis.com is enabled 
[debug] [2026-07-13T00:34:34.863Z] <<< [apiv2][status] GET https://serviceusage.googleapis.com/v1/projects/scripture-quest-7e3d5/services/runtimeconfig.googleapis.com 200
[debug] [2026-07-13T00:34:34.863Z] <<< [apiv2][body] GET https://serviceusage.googleapis.com/v1/projects/scripture-quest-7e3d5/services/runtimeconfig.googleapis.com [omitted]
[debug] [2026-07-13T00:34:34.864Z] <<< [apiv2][status] GET https://serviceusage.googleapis.com/v1/projects/scripture-quest-7e3d5/services/artifactregistry.googleapis.com 200
[debug] [2026-07-13T00:34:34.864Z] <<< [apiv2][body] GET https://serviceusage.googleapis.com/v1/projects/scripture-quest-7e3d5/services/artifactregistry.googleapis.com [omitted]
[info] ✔  artifactregistry: required API artifactregistry.googleapis.com is enabled 
[debug] [2026-07-13T00:34:34.865Z] <<< [apiv2][status] GET https://serviceusage.googleapis.com/v1/projects/scripture-quest-7e3d5/services/cloudfunctions.googleapis.com 200
[debug] [2026-07-13T00:34:34.865Z] <<< [apiv2][body] GET https://serviceusage.googleapis.com/v1/projects/scripture-quest-7e3d5/services/cloudfunctions.googleapis.com [omitted]
[info] ✔  functions: required API cloudfunctions.googleapis.com is enabled 
[debug] [2026-07-13T00:34:34.865Z] Checked if tokens are valid: true, expires at: 1783906316794
[debug] [2026-07-13T00:34:34.865Z] Checked if tokens are valid: true, expires at: 1783906316794
[debug] [2026-07-13T00:34:34.865Z] >>> [apiv2][query] GET https://firebase.googleapis.com/v1beta1/projects/scripture-quest-7e3d5/adminSdkConfig [none]
[debug] [2026-07-13T00:34:35.219Z] <<< [apiv2][status] GET https://firebase.googleapis.com/v1beta1/projects/scripture-quest-7e3d5/adminSdkConfig 200
[debug] [2026-07-13T00:34:35.220Z] <<< [apiv2][body] GET https://firebase.googleapis.com/v1beta1/projects/scripture-quest-7e3d5/adminSdkConfig {"projectId":"scripture-quest-7e3d5","storageBucket":"scripture-quest-7e3d5.firebasestorage.app"}
[debug] [2026-07-13T00:34:35.220Z] Checked if tokens are valid: true, expires at: 1783906316794
[debug] [2026-07-13T00:34:35.220Z] Checked if tokens are valid: true, expires at: 1783906316794
[debug] [2026-07-13T00:34:35.220Z] >>> [apiv2][query] GET https://runtimeconfig.googleapis.com/v1beta1/projects/scripture-quest-7e3d5/configs [none]
[debug] [2026-07-13T00:34:35.624Z] <<< [apiv2][status] GET https://runtimeconfig.googleapis.com/v1beta1/projects/scripture-quest-7e3d5/configs 200
[debug] [2026-07-13T00:34:35.624Z] <<< [apiv2][body] GET https://runtimeconfig.googleapis.com/v1beta1/projects/scripture-quest-7e3d5/configs {}
